<?xml version="1.0" encoding="UTF-8"?>
<!-- Generated by org.testng.reporters.JUnitReportReporter -->
<testsuite hostname="LAPTOP-9D3JI9T6" failures="0" tests="2" name="pom1_package.NewtoursMain_POM" time="4.833" errors="0" timestamp="2024-09-25T20:11:14 IST" skipped="0">
  <testcase classname="pom1_package.NewtoursMain_POM" name="Log" time="1.538"/>
  <system-out/>
  <testcase classname="pom1_package.NewtoursMain_POM" name="newcust" time="3.295"/>
  <system-out/>
</testsuite> <!-- pom1_package.NewtoursMain_POM -->
