<?xml version="1.0" encoding="UTF-8"?>
<!-- Generated by org.testng.reporters.JUnitReportReporter -->
<testsuite hostname="LAPTOP-9D3JI9T6" failures="0" tests="2" name="testNG_Package.ParallelBrowsing1" time="26.125" errors="0" timestamp="2024-09-25T09:47:27 IST" skipped="0">
  <testcase classname="testNG_Package.ParallelBrowsing1" name="f" time="8.858"/>
  <system-out/>
  <testcase classname="testNG_Package.ParallelBrowsing1" name="g" time="17.267"/>
  <system-out/>
</testsuite> <!-- testNG_Package.ParallelBrowsing1 -->
