<?xml version="1.0" encoding="UTF-8"?>
<!-- Generated by org.testng.reporters.JUnitReportReporter -->
<testsuite hostname="LAPTOP-9D3JI9T6" failures="0" tests="3" name="pom1_package.NewTourTestNG" time="14.532" errors="0" timestamp="2024-09-17T07:43:04 IST" skipped="0">
  <testcase classname="pom1_package.NewTourTestNG" name="Login1" time="1.632"/>
  <system-out/>
  <testcase classname="pom1_package.NewTourTestNG" name="Register1" time="6.189"/>
  <system-out/>
  <testcase classname="pom1_package.NewTourTestNG" name="Register2" time="6.711"/>
  <system-out/>
</testsuite> <!-- pom1_package.NewTourTestNG -->
