<?xml version="1.0" encoding="UTF-8"?>
<!-- Generated by org.testng.reporters.JUnitReportReporter -->
<testsuite hostname="LAPTOP-9D3JI9T6" failures="0" tests="1" name="testNG_Package.DataProvider_Parameterization1" time="4.063" errors="0" timestamp="2024-09-09T20:12:54 IST" skipped="0">
  <testcase classname="testNG_Package.DataProvider_Parameterization1" name="f" time="4.063"/>
  <system-out/>
</testsuite> <!-- testNG_Package.DataProvider_Parameterization1 -->
