<?xml version="1.0" encoding="UTF-8"?>
<!-- Generated by org.testng.reporters.JUnitReportReporter -->
<testsuite hostname="LAPTOP-9D3JI9T6" failures="0" tests="1" name="pagefactorytest.Saucedemomain_pagefactory" time="0.849" errors="0" timestamp="2024-09-25T20:28:09 IST" skipped="0">
  <testcase classname="pagefactorytest.Saucedemomain_pagefactory" name="f" time="0.849"/>
  <system-out/>
</testsuite> <!-- pagefactorytest.Saucedemomain_pagefactory -->
