<?xml version="1.0" encoding="UTF-8"?>
<!-- Generated by org.testng.reporters.JUnitReportReporter -->
<testsuite hostname="LAPTOP-9D3JI9T6" failures="0" tests="4" name="sheet_package.Exceldatadriven" time="50.482" errors="0" timestamp="2024-09-23T08:13:25 IST" skipped="0">
  <testcase classname="sheet_package.Exceldatadriven" name="DemoProject" time="12.099"/>
  <system-out/>
  <testcase classname="sheet_package.Exceldatadriven" name="DemoProject" time="11.475"/>
  <system-out/>
  <testcase classname="sheet_package.Exceldatadriven" name="DemoProject" time="14.384"/>
  <system-out/>
  <testcase classname="sheet_package.Exceldatadriven" name="DemoProject" time="12.524"/>
  <system-out/>
</testsuite> <!-- sheet_package.Exceldatadriven -->
