<?xml version="1.0" encoding="UTF-8"?>
<!-- Generated by org.testng.reporters.JUnitReportReporter -->
<testsuite hostname="LAPTOP-9D3JI9T6" failures="0" tests="1" name="pagefactorytest.NewTours_pagefactory" time="3.369" errors="0" timestamp="2024-09-23T07:54:43 IST" skipped="0">
  <testcase classname="pagefactorytest.NewTours_pagefactory" name="test_Home_page_Appear_correct" time="3.369"/>
  <system-out/>
</testsuite> <!-- pagefactorytest.NewTours_pagefactory -->
