<?xml version="1.0" encoding="UTF-8"?>
<!-- Generated by org.testng.reporters.JUnitReportReporter -->
<testsuite hostname="LAPTOP-9D3JI9T6" failures="0" tests="1" name="testNG_Package.Launch" time="14.389" errors="0" timestamp="2024-09-06T07:18:54 IST" skipped="0">
  <testcase classname="testNG_Package.Launch" name="f" time="14.389"/>
  <system-out/>
</testsuite> <!-- testNG_Package.Launch -->
