<?xml version="1.0" encoding="UTF-8"?>
<!-- Generated by org.testng.reporters.JUnitReportReporter -->
<testsuite hostname="LAPTOP-9D3JI9T6" failures="0" tests="4" name="sheet_package.Excel" time="64.241" errors="0" timestamp="2024-09-23T08:12:05 IST" skipped="0">
  <testcase classname="sheet_package.Excel" name="DemoProject" time="12.496"/>
  <system-out/>
  <testcase classname="sheet_package.Excel" name="DemoProject" time="27.701"/>
  <system-out/>
  <testcase classname="sheet_package.Excel" name="DemoProject" time="11.762"/>
  <system-out/>
  <testcase classname="sheet_package.Excel" name="DemoProject" time="12.282"/>
  <system-out/>
</testsuite> <!-- sheet_package.Excel -->
