<?xml version="1.0" encoding="UTF-8"?>
<!-- Generated by org.testng.reporters.JUnitReportReporter -->
<testsuite hostname="LAPTOP-9D3JI9T6" failures="0" tests="6" name="testNG_Package.data_providerswaglab" time="25.146" errors="0" timestamp="2024-09-10T21:39:32 IST" skipped="0">
  <testcase classname="testNG_Package.data_providerswaglab" name="f" time="2.774"/>
  <system-out/>
  <testcase classname="testNG_Package.data_providerswaglab" name="f" time="3.570"/>
  <system-out/>
  <testcase classname="testNG_Package.data_providerswaglab" name="f" time="4.009"/>
  <system-out/>
  <testcase classname="testNG_Package.data_providerswaglab" name="f" time="3.055"/>
  <system-out/>
  <testcase classname="testNG_Package.data_providerswaglab" name="f" time="2.763"/>
  <system-out/>
  <testcase classname="testNG_Package.data_providerswaglab" name="f" time="8.975"/>
  <system-out/>
</testsuite> <!-- testNG_Package.data_providerswaglab -->
