<?xml version="1.0" encoding="UTF-8"?>
<!-- Generated by org.testng.reporters.JUnitReportReporter -->
<testsuite hostname="LAPTOP-9D3JI9T6" failures="0" tests="6" name="testNG_Package.Swaglagparameterization" time="36.001" errors="0" timestamp="2024-09-11T06:56:16 IST" skipped="0">
  <testcase classname="testNG_Package.Swaglagparameterization" name="f" time="3.857"/>
  <system-out/>
  <testcase classname="testNG_Package.Swaglagparameterization" name="f" time="5.609"/>
  <system-out/>
  <testcase classname="testNG_Package.Swaglagparameterization" name="f" time="4.034"/>
  <system-out/>
  <testcase classname="testNG_Package.Swaglagparameterization" name="f" time="10.795"/>
  <system-out/>
  <testcase classname="testNG_Package.Swaglagparameterization" name="f" time="5.948"/>
  <system-out/>
  <testcase classname="testNG_Package.Swaglagparameterization" name="f" time="5.758"/>
  <system-out/>
</testsuite> <!-- testNG_Package.Swaglagparameterization -->
