<?xml version="1.0" encoding="UTF-8"?>
<!-- Generated by org.testng.reporters.JUnitReportReporter -->
<testsuite hostname="LAPTOP-9D3JI9T6" failures="0" tests="4" name="testNG_Package.Order_atTest" time="0.037" errors="0" timestamp="2024-09-06T07:27:58 IST" skipped="0">
  <testcase classname="testNG_Package.Order_atTest" name="signin" time="0.019"/>
  <system-out/>
  <testcase classname="testNG_Package.Order_atTest" name="logout" time="0.008"/>
  <system-out/>
  <testcase classname="testNG_Package.Order_atTest" name="admin" time="0.006"/>
  <system-out/>
  <testcase classname="testNG_Package.Order_atTest" name="feedback" time="0.004"/>
  <system-out/>
</testsuite> <!-- testNG_Package.Order_atTest -->
