<?xml version="1.0" encoding="UTF-8"?>
<!-- Generated by org.testng.reporters.JUnitReportReporter -->
<testsuite hostname="LAPTOP-9D3JI9T6" failures="0" tests="1" name="testNG_Package.prgm2" time="2.996" errors="0" timestamp="2024-09-06T07:44:33 IST" skipped="0">
  <testcase classname="testNG_Package.prgm2" name="f" time="2.996"/>
  <system-out/>
</testsuite> <!-- testNG_Package.prgm2 -->
