<?xml version="1.0" encoding="UTF-8"?>
<!-- Generated by org.testng.reporters.JUnitReportReporter -->
<testsuite hostname="LAPTOP-9D3JI9T6" failures="0" tests="1" name="testNG_Package.Assertion2" time="17.478" errors="0" timestamp="2024-09-09T07:55:52 IST" skipped="0">
  <testcase classname="testNG_Package.Assertion2" name="f" time="17.478"/>
  <system-out/>
</testsuite> <!-- testNG_Package.Assertion2 -->
