<?xml version="1.0" encoding="UTF-8"?>
<!-- Generated by org.testng.reporters.JUnitReportReporter -->
<testsuite hostname="LAPTOP-9D3JI9T6" failures="0" tests="1" name="testNG_Package.Softassert1" time="2.102" errors="0" timestamp="2024-09-09T07:38:08 IST" skipped="0">
  <testcase classname="testNG_Package.Softassert1" name="f" time="2.102"/>
  <system-out/>
</testsuite> <!-- testNG_Package.Softassert1 -->
