<?xml version="1.0" encoding="UTF-8"?>
<!-- Generated by org.testng.reporters.JUnitReportReporter -->
<testsuite hostname="LAPTOP-9D3JI9T6" failures="0" tests="1" name="testNG_Package.order_annotation" time="0.014" errors="0" timestamp="2024-09-06T07:34:40 IST" skipped="0">
  <testcase classname="testNG_Package.order_annotation" name="f" time="0.014"/>
  <system-out/>
</testsuite> <!-- testNG_Package.order_annotation -->
