<?xml version="1.0" encoding="UTF-8"?>
<!-- Generated by org.testng.reporters.JUnitReportReporter -->
<testsuite hostname="LAPTOP-9D3JI9T6" failures="0" tests="3" name="testNG_Package.demoqa_parallelbrowsing" time="187.670" errors="0" timestamp="2024-09-25T10:03:06 IST" skipped="0">
  <testcase classname="testNG_Package.demoqa_parallelbrowsing" name="g" time="73.349"/>
  <system-out/>
  <testcase classname="testNG_Package.demoqa_parallelbrowsing" name="h" time="43.837"/>
  <system-out/>
  <testcase classname="testNG_Package.demoqa_parallelbrowsing" name="f" time="70.484"/>
  <system-out/>
</testsuite> <!-- testNG_Package.demoqa_parallelbrowsing -->
