<?xml version="1.0" encoding="UTF-8"?>
<!-- Generated by org.testng.reporters.JUnitReportReporter -->
<testsuite hostname="LAPTOP-9D3JI9T6" failures="0" tests="1" name="testNG_Package.Rogersoftapps1" time="3.426" errors="0" timestamp="2024-09-24T20:08:54 IST" skipped="0">
  <testcase classname="testNG_Package.Rogersoftapps1" name="f" time="3.426"/>
  <system-out/>
</testsuite> <!-- testNG_Package.Rogersoftapps1 -->
