<?xml version="1.0" encoding="UTF-8"?>
<!-- Generated by org.testng.reporters.JUnitReportReporter -->
<testsuite hostname="LAPTOP-9D3JI9T6" failures="0" tests="3" name="testNG_Package.Crossbrowing1" time="8.731" errors="0" timestamp="2024-09-24T21:52:08 IST" skipped="0">
  <testcase classname="testNG_Package.Crossbrowing1" name="f" time="2.654"/>
  <system-out/>
  <testcase classname="testNG_Package.Crossbrowing1" name="f" time="2.569"/>
  <system-out/>
  <testcase classname="testNG_Package.Crossbrowing1" name="f" time="3.508"/>
  <system-out/>
</testsuite> <!-- testNG_Package.Crossbrowing1 -->
