<?xml version="1.0" encoding="UTF-8"?>
<!-- Generated by org.testng.reporters.JUnitReportReporter -->
<testsuite hostname="LAPTOP-9D3JI9T6" failures="0" tests="3" name="testNG_Package.dataprovideeparameterization" time="13.962" errors="0" timestamp="2024-09-10T07:43:38 IST" skipped="0">
  <testcase classname="testNG_Package.dataprovideeparameterization" name="f" time="5.606"/>
  <system-out/>
  <testcase classname="testNG_Package.dataprovideeparameterization" name="f" time="3.751"/>
  <system-out/>
  <testcase classname="testNG_Package.dataprovideeparameterization" name="f" time="4.605"/>
  <system-out/>
</testsuite> <!-- testNG_Package.dataprovideeparameterization -->
